Elapsed time [0:00:00.062] *************
before AssemblyIdentity_AfterReadAllSources
after AssemblyIdentity_AfterReadAllSources
Executing prebuild scripts  *************
Performing prebuild steps...  *************
'D:\umdev\tools\build_pre_process.cmd '
build_pre_process.cmd: perl -S update_public.pl
(D:\umdev\tools/update_public.pl) already enlisted in d:\umdev\sdpublic:public
(D:\umdev\tools/update_public.pl) already enlisted in d:\umdev\sdpublic\internal:publicint
(D:\umdev\tools/update_public.pl) nothing to enlist in
(D:\umdev\tools/update_public.pl) filever /a /d D:\umdev\tools\x86\sd.exe
(D:\umdev\tools/update_public.pl) W32i   APP ENU      3.6.9119.0 shp sd.exe

(D:\umdev\tools/update_public.pl) D:\umdev\tools\x86\sd.exe version 3.6 supports SDTOUCH
(D:\umdev\tools/update_public.pl) root => d:\umdev\sd.ini
(D:\umdev\tools/update_public.pl) public => d:\umdev\sdpublic\sd.ini
(D:\umdev\tools/update_public.pl) publicint => d:\umdev\sdpublic\internal\sd.ini
(D:\umdev\tools/update_public.pl) fast path
(D:\umdev\tools/update_public.pl) fast path
(D:\umdev\tools/update_public.pl) exiting with 0; elapsed time 0 seconds
build_pre_process.cmd: nmake /nologo /f d:\umdev\makefil0 versions
	perl -S set_build_date.pl /builddate:060608-1506
(set_build_date.pl) d:\umdev.obj.x86fre\__blddate__ current, leaving alone
(set_build_date.pl) d:\umdev.obj.x86fre\buildname.txt current, leaving alone
(set_build_date.pl) d:\umdev.obj.x86fre\objfre\i386\__bldnum__ current, leaving alone
no directories in testsrc besides commontest => not building test
Elapsed time [0:00:02.031] *************
skipping post pass 0 command
Elapsed time [0:00:02.046] *************
