SPC2MIDI.TXT
SPC2MIDI.WWT
DESIGN.TXT
LOG.TXT
SPC2MIDI.ASM
SPC2MIDI.ICO
SPC2MIDI.RC
SPCEMU.ASM
DISASM.ASM
OPCINFO.ASM
OPCNAMES.ASM
SPCROM.ASM
DSPEMU.ASM
DSPSIM.ASM
DSPMISC.ASM
SETTINGS.ASM
SOUND.ASM
FILE.ASM
MIDI.ASM
DLS.ASM
SPCGUI.ASM
SPCVIEW.ASM
GFX.ASM
DEBUG.ASM
OLD.ASM
OPCINFO.DAT
FLAGTBL.DAT
SPCROM.DAT
PATCHES.DAT
GM2FNLUT.DAT
GM2HZLUT.DAT
HZ2GMLUT.DAT
HZ2FNLUT.DAT
SINEWAVE.DAT
RAINBOW.PAL
\SRC\GUI\FNT_LARG.LBM
\SRC\GUI\FNT_LARG.BMP
CURSORS.LBM
PITCHES.BAS
MAKEFLAG.BAS
GUICOLOR.BAS
BMP2FNT2.BAS
SPC2MIDI.SPS
EXAMPLE.SPS
