 Add rainbow palette
 Add ASCII text mode
 Add goto
 Darken GUI colors
 Heighten window a little
1999.1.28  17853
 Get font blitter working
 Value printout window
18579
 Better scrolling functionality
18817
 Add new keys to help screen, improve background redrawing
1999.2.1
 Even more keys to help screen plus little title
 Hello and ending salutation
 Hex/dec and base offset to file position
 ZSNES savestate detection, setting WRAM to 3901
1999.2.2  19858
 Add small hex font
 Number display mode now works (fast too)
 Redundant routine removed, merged into BlitTiles
19294
20028 (44716)
 Wrap changes now erase the unused portion of the window
 Mode switch temporarily disabled
 Keys , . now have a use
 Status bar majorly improved
20128
 Add actual pixels mode
20580 - 2.23
 Add snapshot saving code
20842
 Allow variable size units (beside only bytes or words)
 Improve BlitTiles loop
 Add ActualPixels output mode
21167
 Fix unit size problem where numeric display would not change byte to word.
 Draw into buffer rather than directly to screen for much smoother scrolling,
 especially for the numeric display mode. Also paves the way for future
 outputting of the screen display to an image file.
 Simple changes that only affect the status bar and not the viewing window
 cause only the status bar to be redrawn.
.3.8
 Fix actual pixels not ANDing and shifting the data. Enlarge window data size
 to 12000 instead of 8192. Work on BitplaneToLinear some and GetUserString.
.4.16  21562
 change default startup to relative 512 byte offset.
 add author info switch.
.4.22  22001
 GetUserString now works, but goto is not implemented
 changed the keys some to make it easier to scroll
 add ASCII font mode, awefully slow for some reason
.4.31  22207
 MakeStringNum is functional for converting strings back into numbers.
 Goto added, taking into account hex/dec and relative/absolute positions.
-----
 Add my own rainbow color palette in place of the VGA default.
-----
 Widened maximum wrap to 512 tiles for Cybernator's levels.
-----
 Draw my own smaller font for the GUI.
24619
 Added goto, set wrap, and unit size from command line.
.10.22
 Add simple mouse pointer, a pointing hand.
.10.23
 SNES tilemap word mode added
 Flipped the palette to go from dark to light so that the colors would appear
 better in the new mode, instead of like a photographic negative.
.11.3
 SNES tile table mode added, supports variable size tile table pieces.
 Experiment with an alternate sideways orientation for DKC levels.
 Goto bg? works from command line.
 Colored help screen.
.11.7
 Added sideways orientation.
 Opens readonly files.
.3.1
 Add BRR sample view.
 Increased length of help screen.
